ble.bu01.demo/build/intermediates/manifest_merge_blame_file/release/manifest-merger-blame-release-report.txt
1<?xml version="1.0" encoding="utf-8"?>
2<manifest xmlns:android="http://schemas.android.com/apk/res/android"
3    package="com.xminnov.bu01.demo"
4    android:versionCode="1"
5    android:versionName="1.0" >
6
7    <uses-sdk
8        android:minSdkVersion="18"
8-->src\main\AndroidManifest.xml
9        android:targetSdkVersion="26" />
9-->src\main\AndroidManifest.xml
10
11    <uses-permission android:name="android.permission.BLUETOOTH" />
11-->src\main\AndroidManifest.xml:5:5-68
11-->src\main\AndroidManifest.xml:5:22-65
12    <uses-permission android:name="android.permission.BLUETOOTH_ADMIN" />
12-->src\main\AndroidManifest.xml:6:5-74
12-->src\main\AndroidManifest.xml:6:22-71
13    <uses-permission android:name="android.permission.WRITE_EXTERNAL_STORAGE" />
13-->src\main\AndroidManifest.xml:7:5-80
13-->src\main\AndroidManifest.xml:7:22-78
14    <uses-permission android:name="android.permission.ACCESS_NETWORK_STATE" />
14-->src\main\AndroidManifest.xml:8:5-78
14-->src\main\AndroidManifest.xml:8:22-76
15    <uses-permission android:name="android.permission.INTERNET" />
15-->src\main\AndroidManifest.xml:9:5-66
15-->src\main\AndroidManifest.xml:9:22-64
16    <uses-permission android:name="android.permission.READ_PHONE_STATE" />
16-->src\main\AndroidManifest.xml:10:5-75
16-->src\main\AndroidManifest.xml:10:22-72
17    <uses-permission android:name="android.permission.ACCESS_COARSE_LOCATION" />
17-->src\main\AndroidManifest.xml:11:5-81
17-->src\main\AndroidManifest.xml:11:22-78
18
19    <uses-permission-sdk-23 android:name="android.permission.ACCESS_COARSE_LOCATION" />
19-->src\main\AndroidManifest.xml:12:5-88
19-->src\main\AndroidManifest.xml:12:29-85
20
21    <uses-permission android:name="android.permission.WAKE_LOCK" />
21-->src\main\AndroidManifest.xml:13:5-68
21-->src\main\AndroidManifest.xml:13:22-65
22
23    <application
23-->src\main\AndroidManifest.xml:14:5-38:19
24        android:name="com.xminnov.bu01.demo.BleApplication"
24-->src\main\AndroidManifest.xml:15:9-39
25        android:allowBackup="true"
25-->src\main\AndroidManifest.xml:16:9-35
26        android:icon="@drawable/aaa"
26-->src\main\AndroidManifest.xml:17:9-37
27        android:label="@string/app_name"
27-->src\main\AndroidManifest.xml:18:9-41
28        android:roundIcon="@mipmap/ic_launcher_round"
28-->src\main\AndroidManifest.xml:19:9-54
29        android:supportsRtl="true"
29-->src\main\AndroidManifest.xml:20:9-35
30        android:theme="@style/AppTheme" >
30-->src\main\AndroidManifest.xml:21:9-40
31        <activity
31-->src\main\AndroidManifest.xml:22:9-32:20
32            android:name="com.xminnov.bu01.demo.BleServiceActivity"
32-->src\main\AndroidManifest.xml:23:13-47
33            android:label="@string/app_name"
33-->src\main\AndroidManifest.xml:24:13-45
34            android:screenOrientation="portrait"
34-->src\main\AndroidManifest.xml:26:13-49
35            android:theme="@style/AppTheme.NoActionBar" >
35-->src\main\AndroidManifest.xml:25:13-56
36            <intent-filter>
36-->src\main\AndroidManifest.xml:27:13-31:29
37                <action android:name="android.intent.action.MAIN" />
37-->src\main\AndroidManifest.xml:28:17-68
37-->src\main\AndroidManifest.xml:28:25-66
38
39                <category android:name="android.intent.category.LAUNCHER" />
39-->src\main\AndroidManifest.xml:30:17-76
39-->src\main\AndroidManifest.xml:30:27-74
40            </intent-filter>
41        </activity>
42        <activity
42-->src\main\AndroidManifest.xml:33:9-89
43            android:name="com.xminnov.bu01.demo.BleMainActivity"
43-->src\main\AndroidManifest.xml:33:19-50
44            android:screenOrientation="portrait" />
44-->src\main\AndroidManifest.xml:33:51-87
45        <activity
45-->src\main\AndroidManifest.xml:34:9-89
46            android:name="com.xminnov.bu01.demo.BleBaseActivity"
46-->src\main\AndroidManifest.xml:34:19-50
47            android:screenOrientation="portrait" />
47-->src\main\AndroidManifest.xml:34:51-87
48
49        <meta-data
49-->src\main\AndroidManifest.xml:35:9-37:34
50            android:name="android.max_aspect"
50-->src\main\AndroidManifest.xml:36:13-46
51            android:value="2.1" />
51-->src\main\AndroidManifest.xml:37:13-32
52        <meta-data
52-->[com.android.support:design:26.1.0] AndroidManifest.xml:26:9-28:38
53            android:name="android.support.VERSION"
53-->[com.android.support:design:26.1.0] AndroidManifest.xml:27:13-51
54            android:value="26.1.0" />
54-->[com.android.support:design:26.1.0] AndroidManifest.xml:28:13-35
55        <meta-data
55-->[android.arch.lifecycle:runtime:1.0.0] AndroidManifest.xml:25:9-27:47
56            android:name="android.arch.lifecycle.VERSION"
56-->[android.arch.lifecycle:runtime:1.0.0] AndroidManifest.xml:26:13-58
57            android:value="27.0.0-SNAPSHOT" />
57-->[android.arch.lifecycle:runtime:1.0.0] AndroidManifest.xml:27:13-44
58    </application>
59
60</manifest>